2019-10-13 18:34:05 DEBUG HomePageTest:40 - HomePageTest
2019-10-13 18:34:05 DEBUG DriverProvider:37 - getActiveDriver0
2019-10-13 18:34:05 DEBUG DriverProvider:28 - drivers count0
2019-10-13 18:34:05 DEBUG ChromeBrowser:66 - Using chromedriver logs at ChromeDriver/chromedriver_win32/chromedriver.exe
2019-10-13 18:34:05 INFO  ChromeBrowser:87 - Using chromedriver logs at D:\cloudties\github\CloudTiesCodeBase\Automation\logs\chromelogs
2019-10-13 18:34:05 DEBUG Configuration:93 -  Configuration For Property Name strictTransportSecurity value dose not exist in the config.yml file 
2019-10-13 18:34:05 DEBUG Configuration:93 -  Configuration For Property Name useProxy value dose not exist in the config.yml file 
2019-10-13 18:34:05 DEBUG Configuration:93 -  Configuration For Property Name countryCode value dose not exist in the config.yml file 
2019-10-13 18:34:05 DEBUG Configuration:93 -  Configuration For Property Name extensions value dose not exist in the config.yml file 
2019-10-13 18:34:05 DEBUG Configuration:93 -  Configuration For Property Name unsafePageLoad value dose not exist in the config.yml file 
2019-10-13 18:34:05 DEBUG Configuration:93 -  Configuration For Property Name strictTransportSecurity value dose not exist in the config.yml file 
2019-10-13 18:34:11 DEBUG Configuration:93 -  Configuration For Property Name sitePort value dose not exist in the config.yml file 
2019-10-13 18:34:11 DEBUG Configuration:93 -  Configuration For Property Name sitePort value dose not exist in the config.yml file 
2019-10-13 18:34:11 DEBUG Configuration:93 -  Configuration For Property Name sitePort value dose not exist in the config.yml file 
2019-10-13 18:34:11 DEBUG CheckBoxOrRadioButton:20 - CheckBoxOrRadioButtonHelper : 2002174925
2019-10-13 18:34:11 DEBUG ContextPageTest:46 - ContextPageTest
2019-10-13 18:34:11 DEBUG DriverProvider:37 - getActiveDriver0
2019-10-13 18:34:11 DEBUG DriverProvider:28 - drivers count1
2019-10-13 18:34:11 DEBUG CheckBoxOrRadioButton:20 - CheckBoxOrRadioButtonHelper : 2002174925
2019-10-13 18:34:13 DEBUG CoreTestTemplate:72 - Setting the Site Specific Langauge :en
2019-10-13 18:34:13 DEBUG DriverProvider:37 - getActiveDriver0
2019-10-13 18:34:13 DEBUG DriverProvider:28 - drivers count1
2019-10-13 18:34:13 INFO  UrlBuilder:328 - getSiteGlobalName SITE : cuspera this.env :prod
2019-10-13 18:34:13 INFO  UrlBuilder:119 - getUrl host details:cuspera.com
2019-10-13 18:34:13 DEBUG CoreTestTemplate:110 - beforeClass initTestClass 
2019-10-13 18:34:14 INFO  Log:68 - ****************************************************************************************
2019-10-13 18:34:14 INFO  Log:69 - $$$$$$$$$$$$$$$$$$$$$                 launchHomePage_Test       $$$$$$$$$$$$$$$$$$$$$$$$$
2019-10-13 18:34:14 INFO  Log:70 - ****************************************************************************************
2019-10-13 18:34:14 INFO  UrlBuilder:328 - getSiteGlobalName SITE : cuspera this.env :prod
2019-10-13 18:34:14 INFO  UrlBuilder:119 - getUrl host details:cuspera.com
2019-10-13 18:34:14 DEBUG DriverProvider:37 - getActiveDriver0
2019-10-13 18:34:14 DEBUG DriverProvider:28 - drivers count1
2019-10-13 18:34:15 INFO  UrlBuilder:328 - getSiteGlobalName SITE : cuspera this.env :prod
2019-10-13 18:34:15 INFO  UrlBuilder:119 - getUrl host details:cuspera.com
2019-10-13 18:34:15 DEBUG Configuration:93 -  Configuration For Property Name qs value dose not exist in the config.yml file 
2019-10-13 18:34:24 INFO  BrowserAndTestEventListener:76 -  cookieDomain afterNavigateTo .com Configuration.getEnvType().getSiteDomain() :com:
2019-10-13 18:34:24 DEBUG DriverProvider:37 - getActiveDriver0
2019-10-13 18:34:24 DEBUG DriverProvider:28 - drivers count1
2019-10-13 18:34:24 DEBUG DriverProvider:37 - getActiveDriver0
2019-10-13 18:34:24 DEBUG DriverProvider:28 - drivers count1
2019-10-13 18:34:24 DEBUG HomePage:112 - open the URLhttps://www.cuspera.com/
2019-10-13 18:34:24 INFO  BasePageObject:424 - getUrlhttps://www.cuspera.com/
2019-10-13 18:34:31 DEBUG DriverProvider:37 - getActiveDriver0
2019-10-13 18:34:31 DEBUG DriverProvider:28 - drivers count1
2019-10-13 18:34:31 INFO  BrowserAndTestEventListener:254 - onTestFailure create issue
2019-10-13 18:34:31 INFO  BrowserAndTestEventListener:258 - onTestFailure added  issue
2019-10-13 18:34:31 DEBUG DriverProvider:37 - getActiveDriver0
2019-10-13 18:34:31 DEBUG DriverProvider:28 - drivers count1
2019-10-13 18:34:43 DEBUG DriverProvider:37 - getActiveDriver0
2019-10-13 18:34:43 DEBUG DriverProvider:28 - drivers count1
2019-10-13 18:34:43 INFO  BrowserAndTestEventListener:254 - onTestFailure create issue
2019-10-13 18:34:43 INFO  BrowserAndTestEventListener:258 - onTestFailure added  issue
2019-10-13 18:34:43 DEBUG DriverProvider:37 - getActiveDriver0
2019-10-13 18:34:43 DEBUG DriverProvider:28 - drivers count1
